build/app/intermediates/manifest_merge_blame_file/debug/manifest-merger-blame-debug-report.txt
1<?xml version="1.0" encoding="utf-8"?>
2<manifest xmlns:android="http://schemas.android.com/apk/res/android"
3    package="com.example.social_instagram"
4    android:versionCode="1"
5    android:versionName="1.0.0" >
6
7    <uses-sdk
8        android:minSdkVersion="21"
9        android:targetSdkVersion="30" />
10    <!--
11         Flutter needs it to communicate with the running application
12         to allow setting breakpoints, to provide hot reload, etc.
13    -->
14    <uses-permission android:name="android.permission.INTERNET" />
14-->src\main\AndroidManifest.xml:5:9-71
14-->src\main\AndroidManifest.xml:5:26-68
15    <uses-permission android:name="android.permission.SCHEDULE_EXACT_ALARM" /> <!-- Photo -->
15-->src\main\AndroidManifest.xml:4:9-83
15-->src\main\AndroidManifest.xml:4:26-80
16    <uses-permission android:name="android.permission.READ_EXTERNAL_STORAGE" />
16-->src\main\AndroidManifest.xml:7:9-84
16-->src\main\AndroidManifest.xml:7:26-81
17    <uses-permission android:name="android.permission.WRITE_EXTERNAL_STORAGE" /> <!-- Camera -->
17-->src\main\AndroidManifest.xml:8:9-85
17-->src\main\AndroidManifest.xml:8:26-82
18    <uses-permission android:name="android.permission.CAMERA" />
18-->src\main\AndroidManifest.xml:10:9-69
18-->src\main\AndroidManifest.xml:10:26-66
19    <uses-permission android:name="android.permission.FLASHLIGHT" />
19-->src\main\AndroidManifest.xml:11:9-73
19-->src\main\AndroidManifest.xml:11:26-70
20    <uses-permission android:name="android.permission.POST_NOTIFICATIONS" />
20-->[:awesome_notifications] AndroidManifest.xml:7:5-77
20-->[:awesome_notifications] AndroidManifest.xml:7:22-74
21    <uses-permission android:name="android.permission.BROADCAST_CLOSE_SYSTEM_DIALOGS" />
21-->[:awesome_notifications] AndroidManifest.xml:8:5-89
21-->[:awesome_notifications] AndroidManifest.xml:8:22-86
22    <uses-permission android:name="android.permission.RECEIVE_BOOT_COMPLETED" />
22-->[:awesome_notifications] AndroidManifest.xml:9:5-81
22-->[:awesome_notifications] AndroidManifest.xml:9:22-78
23    <uses-permission android:name="android.permission.VIBRATE" />
23-->[:awesome_notifications] AndroidManifest.xml:10:5-66
23-->[:awesome_notifications] AndroidManifest.xml:10:22-63
24    <uses-permission android:name="android.permission.ACCESS_NETWORK_STATE" />
24-->[com.google.firebase:firebase-auth:21.2.0] AndroidManifest.xml:26:5-79
24-->[com.google.firebase:firebase-auth:21.2.0] AndroidManifest.xml:26:22-76
25
26    <permission
26-->[androidx.core:core:1.9.0] AndroidManifest.xml:22:5-24:47
27        android:name="com.example.social_instagram.DYNAMIC_RECEIVER_NOT_EXPORTED_PERMISSION"
27-->[androidx.core:core:1.9.0] AndroidManifest.xml:23:9-81
28        android:protectionLevel="signature" />
28-->[androidx.core:core:1.9.0] AndroidManifest.xml:24:9-44
29
30    <uses-permission android:name="com.example.social_instagram.DYNAMIC_RECEIVER_NOT_EXPORTED_PERMISSION" /> <!-- for android -->
30-->[androidx.core:core:1.9.0] AndroidManifest.xml:26:5-97
30-->[androidx.core:core:1.9.0] AndroidManifest.xml:26:22-94
31    <!-- <uses-permission android:name="com.android.launcher.permission.READ_SETTINGS"/> -->
32    <!-- <uses-permission android:name="com.android.launcher.permission.WRITE_SETTINGS"/> -->
33    <!-- <uses-permission android:name="com.android.launcher.permission.INSTALL_SHORTCUT" /> -->
34    <!-- <uses-permission android:name="com.android.launcher.permission.UNINSTALL_SHORTCUT" /> -->
35    <!-- for Samsung -->
36    <uses-permission android:name="com.sec.android.provider.badge.permission.READ" />
36-->[me.leolin:ShortcutBadger:1.1.22] AndroidManifest.xml:19:5-86
36-->[me.leolin:ShortcutBadger:1.1.22] AndroidManifest.xml:19:22-83
37    <uses-permission android:name="com.sec.android.provider.badge.permission.WRITE" /> <!-- for htc -->
37-->[me.leolin:ShortcutBadger:1.1.22] AndroidManifest.xml:20:5-87
37-->[me.leolin:ShortcutBadger:1.1.22] AndroidManifest.xml:20:22-84
38    <uses-permission android:name="com.htc.launcher.permission.READ_SETTINGS" />
38-->[me.leolin:ShortcutBadger:1.1.22] AndroidManifest.xml:23:5-81
38-->[me.leolin:ShortcutBadger:1.1.22] AndroidManifest.xml:23:22-78
39    <uses-permission android:name="com.htc.launcher.permission.UPDATE_SHORTCUT" /> <!-- for sony -->
39-->[me.leolin:ShortcutBadger:1.1.22] AndroidManifest.xml:24:5-83
39-->[me.leolin:ShortcutBadger:1.1.22] AndroidManifest.xml:24:22-80
40    <uses-permission android:name="com.sonyericsson.home.permission.BROADCAST_BADGE" />
40-->[me.leolin:ShortcutBadger:1.1.22] AndroidManifest.xml:27:5-88
40-->[me.leolin:ShortcutBadger:1.1.22] AndroidManifest.xml:27:22-85
41    <uses-permission android:name="com.sonymobile.home.permission.PROVIDER_INSERT_BADGE" /> <!-- for apex -->
41-->[me.leolin:ShortcutBadger:1.1.22] AndroidManifest.xml:28:5-92
41-->[me.leolin:ShortcutBadger:1.1.22] AndroidManifest.xml:28:22-89
42    <uses-permission android:name="com.anddoes.launcher.permission.UPDATE_COUNT" /> <!-- for solid -->
42-->[me.leolin:ShortcutBadger:1.1.22] AndroidManifest.xml:31:5-84
42-->[me.leolin:ShortcutBadger:1.1.22] AndroidManifest.xml:31:22-81
43    <uses-permission android:name="com.majeur.launcher.permission.UPDATE_BADGE" /> <!-- for huawei -->
43-->[me.leolin:ShortcutBadger:1.1.22] AndroidManifest.xml:34:5-83
43-->[me.leolin:ShortcutBadger:1.1.22] AndroidManifest.xml:34:22-80
44    <uses-permission android:name="com.huawei.android.launcher.permission.CHANGE_BADGE" />
44-->[me.leolin:ShortcutBadger:1.1.22] AndroidManifest.xml:37:5-91
44-->[me.leolin:ShortcutBadger:1.1.22] AndroidManifest.xml:37:22-88
45    <uses-permission android:name="com.huawei.android.launcher.permission.READ_SETTINGS" />
45-->[me.leolin:ShortcutBadger:1.1.22] AndroidManifest.xml:38:5-92
45-->[me.leolin:ShortcutBadger:1.1.22] AndroidManifest.xml:38:22-89
46    <uses-permission android:name="com.huawei.android.launcher.permission.WRITE_SETTINGS" /> <!-- for ZUK -->
46-->[me.leolin:ShortcutBadger:1.1.22] AndroidManifest.xml:39:5-93
46-->[me.leolin:ShortcutBadger:1.1.22] AndroidManifest.xml:39:22-90
47    <uses-permission android:name="android.permission.READ_APP_BADGE" /> <!-- for OPPO -->
47-->[me.leolin:ShortcutBadger:1.1.22] AndroidManifest.xml:42:5-73
47-->[me.leolin:ShortcutBadger:1.1.22] AndroidManifest.xml:42:22-70
48    <uses-permission android:name="com.oppo.launcher.permission.READ_SETTINGS" />
48-->[me.leolin:ShortcutBadger:1.1.22] AndroidManifest.xml:45:5-82
48-->[me.leolin:ShortcutBadger:1.1.22] AndroidManifest.xml:45:22-79
49    <uses-permission android:name="com.oppo.launcher.permission.WRITE_SETTINGS" /> <!-- for EvMe -->
49-->[me.leolin:ShortcutBadger:1.1.22] AndroidManifest.xml:46:5-83
49-->[me.leolin:ShortcutBadger:1.1.22] AndroidManifest.xml:46:22-80
50    <uses-permission android:name="me.everything.badger.permission.BADGE_COUNT_READ" />
50-->[me.leolin:ShortcutBadger:1.1.22] AndroidManifest.xml:49:5-88
50-->[me.leolin:ShortcutBadger:1.1.22] AndroidManifest.xml:49:22-85
51    <uses-permission android:name="me.everything.badger.permission.BADGE_COUNT_WRITE" /> <!-- Image Save -->
51-->[me.leolin:ShortcutBadger:1.1.22] AndroidManifest.xml:50:5-89
51-->[me.leolin:ShortcutBadger:1.1.22] AndroidManifest.xml:50:22-86
52    <application
52-->src\main\AndroidManifest.xml:14:9-55:23
53        android:appComponentFactory="androidx.core.app.CoreComponentFactory"
53-->[androidx.core:core:1.9.0] AndroidManifest.xml:28:18-86
54        android:debuggable="true"
55        android:icon="@mipmap/ic_launcher"
55-->src\main\AndroidManifest.xml:16:17-51
56        android:label="DOFHunt"
56-->src\main\AndroidManifest.xml:15:17-40
57        android:requestLegacyExternalStorage="true"
57-->src\main\AndroidManifest.xml:17:17-60
58        android:supportsRtl="true" >
58-->[com.facebook.android:facebook-android-sdk:4.42.0] AndroidManifest.xml:28:18-44
59        <activity
59-->src\main\AndroidManifest.xml:18:17-47:28
60            android:name="com.example.social_instagram.MainActivity"
60-->src\main\AndroidManifest.xml:19:25-53
61            android:configChanges="orientation|keyboardHidden|keyboard|screenSize|smallestScreenSize|locale|layoutDirection|fontScale|screenLayout|density|uiMode"
61-->src\main\AndroidManifest.xml:22:25-175
62            android:exported="true"
62-->src\main\AndroidManifest.xml:24:25-48
63            android:hardwareAccelerated="true"
63-->src\main\AndroidManifest.xml:23:25-59
64            android:launchMode="singleTop"
64-->src\main\AndroidManifest.xml:20:25-55
65            android:theme="@style/LaunchTheme"
65-->src\main\AndroidManifest.xml:21:25-59
66            android:windowSoftInputMode="adjustResize" >
66-->src\main\AndroidManifest.xml:25:25-67
67
68            <!--
69                 Specifies an Android theme to apply to this Activity as soon as
70                 the Android process has started. This theme is visible to the user
71                 while the Flutter UI initializes. After that, this theme continues
72                 to determine the Window background behind the Flutter UI.
73            -->
74            <meta-data
74-->src\main\AndroidManifest.xml:30:25-33:27
75                android:name="io.flutter.embedding.android.NormalTheme"
75-->src\main\AndroidManifest.xml:31:33-88
76                android:resource="@style/NormalTheme" />
76-->src\main\AndroidManifest.xml:32:33-70
77            <!--
78                 Displays an Android View that continues showing the launch screen
79                 Drawable until Flutter paints its first frame, then this splash
80                 screen fades out. A splash screen is useful to avoid any visual
81                 gap between the end of Android's launch screen and the painting of
82                 Flutter's first frame.
83            -->
84            <meta-data
84-->src\main\AndroidManifest.xml:39:25-42:27
85                android:name="io.flutter.embedding.android.SplashScreenDrawable"
85-->src\main\AndroidManifest.xml:40:33-97
86                android:resource="@drawable/launch_background" />
86-->src\main\AndroidManifest.xml:41:33-79
87
88            <intent-filter>
88-->src\main\AndroidManifest.xml:43:25-46:41
89                <action android:name="android.intent.action.MAIN" />
89-->src\main\AndroidManifest.xml:44:33-85
89-->src\main\AndroidManifest.xml:44:41-82
90
91                <category android:name="android.intent.category.LAUNCHER" />
91-->src\main\AndroidManifest.xml:45:33-93
91-->src\main\AndroidManifest.xml:45:43-90
92            </intent-filter>
93        </activity>
94        <!--
95             Don't delete the meta-data below.
96             This is used by the Flutter tool to generate GeneratedPluginRegistrant.java
97        -->
98        <meta-data
98-->src\main\AndroidManifest.xml:50:17-52:45
99            android:name="flutterEmbedding"
99-->src\main\AndroidManifest.xml:51:25-56
100            android:value="2" />
100-->src\main\AndroidManifest.xml:52:25-42
101
102        <service
102-->[:firebase_auth] AndroidManifest.xml:8:9-12:19
103            android:name="com.google.firebase.components.ComponentDiscoveryService"
103-->[:firebase_auth] AndroidManifest.xml:8:18-89
104            android:directBootAware="true"
104-->[com.google.firebase:firebase-common:20.3.2] AndroidManifest.xml:34:13-43
105            android:exported="false" >
105-->[com.google.firebase:firebase-auth:21.2.0] AndroidManifest.xml:68:13-37
106            <meta-data
106-->[:firebase_auth] AndroidManifest.xml:9:13-11:85
107                android:name="com.google.firebase.components:io.flutter.plugins.firebase.auth.FlutterFirebaseAuthRegistrar"
107-->[:firebase_auth] AndroidManifest.xml:10:17-124
108                android:value="com.google.firebase.components.ComponentRegistrar" />
108-->[:firebase_auth] AndroidManifest.xml:11:17-82
109            <meta-data
109-->[:firebase_core] AndroidManifest.xml:9:13-11:85
110                android:name="com.google.firebase.components:io.flutter.plugins.firebase.core.FlutterFirebaseCoreRegistrar"
110-->[:firebase_core] AndroidManifest.xml:10:17-124
111                android:value="com.google.firebase.components.ComponentRegistrar" />
111-->[:firebase_core] AndroidManifest.xml:11:17-82
112            <meta-data
112-->[com.google.firebase:firebase-auth:21.2.0] AndroidManifest.xml:69:13-71:85
113                android:name="com.google.firebase.components:com.google.firebase.auth.FirebaseAuthRegistrar"
113-->[com.google.firebase:firebase-auth:21.2.0] AndroidManifest.xml:70:17-109
114                android:value="com.google.firebase.components.ComponentRegistrar" />
114-->[com.google.firebase:firebase-auth:21.2.0] AndroidManifest.xml:71:17-82
115        </service>
116
117        <provider
117-->[:image_picker_android] AndroidManifest.xml:8:9-16:20
118            android:name="io.flutter.plugins.imagepicker.ImagePickerFileProvider"
118-->[:image_picker_android] AndroidManifest.xml:9:13-82
119            android:authorities="com.example.social_instagram.flutter.image_provider"
119-->[:image_picker_android] AndroidManifest.xml:10:13-74
120            android:exported="false"
120-->[:image_picker_android] AndroidManifest.xml:11:13-37
121            android:grantUriPermissions="true" >
121-->[:image_picker_android] AndroidManifest.xml:12:13-47
122            <meta-data
122-->[:image_picker_android] AndroidManifest.xml:13:13-15:75
123                android:name="android.support.FILE_PROVIDER_PATHS"
123-->[:image_picker_android] AndroidManifest.xml:14:17-67
124                android:resource="@xml/flutter_image_picker_file_paths" />
124-->[:image_picker_android] AndroidManifest.xml:15:17-72
125        </provider>
126
127        <receiver
127-->[:awesome_notifications] AndroidManifest.xml:13:9-15:39
128            android:name="me.carda.awesome_notifications.DartNotificationActionReceiver"
128-->[:awesome_notifications] AndroidManifest.xml:14:13-89
129            android:exported="true" />
129-->[:awesome_notifications] AndroidManifest.xml:15:13-36
130        <receiver
130-->[:awesome_notifications] AndroidManifest.xml:16:9-18:39
131            android:name="me.carda.awesome_notifications.DartDismissedNotificationReceiver"
131-->[:awesome_notifications] AndroidManifest.xml:17:13-92
132            android:exported="true" />
132-->[:awesome_notifications] AndroidManifest.xml:18:13-36
133        <receiver
133-->[:awesome_notifications] AndroidManifest.xml:19:9-21:39
134            android:name="me.carda.awesome_notifications.DartScheduledNotificationReceiver"
134-->[:awesome_notifications] AndroidManifest.xml:20:13-92
135            android:exported="true" />
135-->[:awesome_notifications] AndroidManifest.xml:21:13-36
136        <receiver
136-->[:awesome_notifications] AndroidManifest.xml:22:9-36:20
137            android:name="me.carda.awesome_notifications.DartRefreshSchedulesReceiver"
137-->[:awesome_notifications] AndroidManifest.xml:23:13-87
138            android:enabled="true"
138-->[:awesome_notifications] AndroidManifest.xml:24:13-35
139            android:exported="true" >
139-->[:awesome_notifications] AndroidManifest.xml:25:13-36
140            <intent-filter>
140-->[:awesome_notifications] AndroidManifest.xml:26:13-35:29
141                <category android:name="android.intent.category.DEFAULT" />
141-->[:awesome_notifications] AndroidManifest.xml:27:17-76
141-->[:awesome_notifications] AndroidManifest.xml:27:27-73
142
143                <action android:name="android.intent.action.BOOT_COMPLETED" />
143-->[:awesome_notifications] AndroidManifest.xml:29:17-79
143-->[:awesome_notifications] AndroidManifest.xml:29:25-76
144                <action android:name="android.intent.action.LOCKED_BOOT_COMPLETED" />
144-->[:awesome_notifications] AndroidManifest.xml:30:17-86
144-->[:awesome_notifications] AndroidManifest.xml:30:25-83
145                <action android:name="android.intent.action.MY_PACKAGE_REPLACED" />
145-->[:awesome_notifications] AndroidManifest.xml:31:17-84
145-->[:awesome_notifications] AndroidManifest.xml:31:25-81
146                <action android:name="android.intent.action.QUICKBOOT_POWERON" />
146-->[:awesome_notifications] AndroidManifest.xml:32:17-82
146-->[:awesome_notifications] AndroidManifest.xml:32:25-79
147                <action android:name="com.htc.intent.action.QUICKBOOT_POWERON" />
147-->[:awesome_notifications] AndroidManifest.xml:33:17-82
147-->[:awesome_notifications] AndroidManifest.xml:33:25-79
148                <action android:name="android.app.action.SCHEDULE_EXACT_ALARM_PERMISSION_STATE_CHANGED" />
148-->[:awesome_notifications] AndroidManifest.xml:34:17-107
148-->[:awesome_notifications] AndroidManifest.xml:34:25-104
149            </intent-filter>
150        </receiver>
151
152        <service
152-->[:awesome_notifications] AndroidManifest.xml:38:9-41:72
153            android:name="me.carda.awesome_notifications.DartBackgroundService"
153-->[:awesome_notifications] AndroidManifest.xml:39:13-80
154            android:exported="false"
154-->[:awesome_notifications] AndroidManifest.xml:40:13-37
155            android:permission="android.permission.BIND_JOB_SERVICE" />
155-->[:awesome_notifications] AndroidManifest.xml:41:13-69
156        <service
156-->[:awesome_notifications] AndroidManifest.xml:42:9-47:43
157            android:name="me.carda.awesome_notifications.core.services.ForegroundService"
157-->[:awesome_notifications] AndroidManifest.xml:43:13-90
158            android:enabled="true"
158-->[:awesome_notifications] AndroidManifest.xml:44:13-35
159            android:exported="false"
159-->[:awesome_notifications] AndroidManifest.xml:45:13-37
160            android:foregroundServiceType="phoneCall"
160-->[:awesome_notifications] AndroidManifest.xml:46:13-54
161            android:stopWithTask="true" />
161-->[:awesome_notifications] AndroidManifest.xml:47:13-40
162
163        <activity
163-->[:url_launcher_android] AndroidManifest.xml:8:9-11:74
164            android:name="io.flutter.plugins.urllauncher.WebViewActivity"
164-->[:url_launcher_android] AndroidManifest.xml:9:13-74
165            android:exported="false"
165-->[:url_launcher_android] AndroidManifest.xml:10:13-37
166            android:theme="@android:style/Theme.NoTitleBar.Fullscreen" />
166-->[:url_launcher_android] AndroidManifest.xml:11:13-71
167
168        <provider
168-->[com.sangcomz:FishBun:0.11.2] AndroidManifest.xml:12:9-20:20
169            android:name="com.sangcomz.fishbun.FishBunFileProvider"
169-->[com.sangcomz:FishBun:0.11.2] AndroidManifest.xml:13:13-68
170            android:authorities="com.example.social_instagram.fishbunfileprovider"
170-->[com.sangcomz:FishBun:0.11.2] AndroidManifest.xml:14:13-71
171            android:exported="false"
171-->[com.sangcomz:FishBun:0.11.2] AndroidManifest.xml:15:13-37
172            android:grantUriPermissions="true" >
172-->[com.sangcomz:FishBun:0.11.2] AndroidManifest.xml:16:13-47
173            <meta-data
173-->[:image_picker_android] AndroidManifest.xml:13:13-15:75
174                android:name="android.support.FILE_PROVIDER_PATHS"
174-->[:image_picker_android] AndroidManifest.xml:14:17-67
175                android:resource="@xml/provider_paths" />
175-->[:image_picker_android] AndroidManifest.xml:15:17-72
176        </provider>
177
178        <activity
178-->[com.sangcomz:FishBun:0.11.2] AndroidManifest.xml:22:9-25:51
179            android:name="com.sangcomz.fishbun.ui.album.AlbumActivity"
179-->[com.sangcomz:FishBun:0.11.2] AndroidManifest.xml:23:13-71
180            android:label="@string/album"
180-->[com.sangcomz:FishBun:0.11.2] AndroidManifest.xml:24:13-42
181            android:theme="@style/FishBunTheme" />
181-->[com.sangcomz:FishBun:0.11.2] AndroidManifest.xml:25:13-48
182        <activity
182-->[com.sangcomz:FishBun:0.11.2] AndroidManifest.xml:26:9-28:51
183            android:name="com.sangcomz.fishbun.ui.picker.PickerActivity"
183-->[com.sangcomz:FishBun:0.11.2] AndroidManifest.xml:27:13-73
184            android:theme="@style/FishBunTheme" />
184-->[com.sangcomz:FishBun:0.11.2] AndroidManifest.xml:28:13-48
185        <activity
185-->[com.sangcomz:FishBun:0.11.2] AndroidManifest.xml:29:9-31:54
186            android:name="com.sangcomz.fishbun.ui.detail.DetailActivity"
186-->[com.sangcomz:FishBun:0.11.2] AndroidManifest.xml:30:13-73
187            android:theme="@style/DetailViewTheme" />
187-->[com.sangcomz:FishBun:0.11.2] AndroidManifest.xml:31:13-51
188        <activity
188-->[com.facebook.android:facebook-common:4.42.0] AndroidManifest.xml:29:9-32:66
189            android:name="com.facebook.FacebookActivity"
189-->[com.facebook.android:facebook-common:4.42.0] AndroidManifest.xml:30:13-57
190            android:configChanges="keyboard|keyboardHidden|screenLayout|screenSize|orientation"
190-->[com.facebook.android:facebook-common:4.42.0] AndroidManifest.xml:31:13-96
191            android:theme="@style/com_facebook_activity_theme" />
191-->[com.facebook.android:facebook-common:4.42.0] AndroidManifest.xml:32:13-63
192        <activity android:name="com.facebook.CustomTabMainActivity" />
192-->[com.facebook.android:facebook-common:4.42.0] AndroidManifest.xml:33:9-71
192-->[com.facebook.android:facebook-common:4.42.0] AndroidManifest.xml:33:19-68
193        <activity android:name="com.facebook.CustomTabActivity" />
193-->[com.facebook.android:facebook-common:4.42.0] AndroidManifest.xml:34:9-67
193-->[com.facebook.android:facebook-common:4.42.0] AndroidManifest.xml:34:19-64
194        <activity
194-->[com.google.android.gms:play-services-auth:20.5.0] AndroidManifest.xml:23:9-27:75
195            android:name="com.google.android.gms.auth.api.signin.internal.SignInHubActivity"
195-->[com.google.android.gms:play-services-auth:20.5.0] AndroidManifest.xml:24:13-93
196            android:excludeFromRecents="true"
196-->[com.google.android.gms:play-services-auth:20.5.0] AndroidManifest.xml:25:13-46
197            android:exported="false"
197-->[com.google.android.gms:play-services-auth:20.5.0] AndroidManifest.xml:26:13-37
198            android:theme="@android:style/Theme.Translucent.NoTitleBar" />
198-->[com.google.android.gms:play-services-auth:20.5.0] AndroidManifest.xml:27:13-72
199        <!--
200            Service handling Google Sign-In user revocation. For apps that do not integrate with
201            Google Sign-In, this service will never be started.
202        -->
203        <service
203-->[com.google.android.gms:play-services-auth:20.5.0] AndroidManifest.xml:33:9-37:51
204            android:name="com.google.android.gms.auth.api.signin.RevocationBoundService"
204-->[com.google.android.gms:play-services-auth:20.5.0] AndroidManifest.xml:34:13-89
205            android:exported="true"
205-->[com.google.android.gms:play-services-auth:20.5.0] AndroidManifest.xml:35:13-36
206            android:permission="com.google.android.gms.auth.api.signin.permission.REVOCATION_NOTIFICATION"
206-->[com.google.android.gms:play-services-auth:20.5.0] AndroidManifest.xml:36:13-107
207            android:visibleToInstantApps="true" />
207-->[com.google.android.gms:play-services-auth:20.5.0] AndroidManifest.xml:37:13-48
208
209        <activity
209-->[com.google.firebase:firebase-auth:21.2.0] AndroidManifest.xml:29:9-46:20
210            android:name="com.google.firebase.auth.internal.GenericIdpActivity"
210-->[com.google.firebase:firebase-auth:21.2.0] AndroidManifest.xml:30:13-80
211            android:excludeFromRecents="true"
211-->[com.google.firebase:firebase-auth:21.2.0] AndroidManifest.xml:31:13-46
212            android:exported="true"
212-->[com.google.firebase:firebase-auth:21.2.0] AndroidManifest.xml:32:13-36
213            android:launchMode="singleTask"
213-->[com.google.firebase:firebase-auth:21.2.0] AndroidManifest.xml:33:13-44
214            android:theme="@android:style/Theme.Translucent.NoTitleBar" >
214-->[com.google.firebase:firebase-auth:21.2.0] AndroidManifest.xml:34:13-72
215            <intent-filter>
215-->[com.google.firebase:firebase-auth:21.2.0] AndroidManifest.xml:35:13-45:29
216                <action android:name="android.intent.action.VIEW" />
216-->[com.google.firebase:firebase-auth:21.2.0] AndroidManifest.xml:36:17-69
216-->[com.google.firebase:firebase-auth:21.2.0] AndroidManifest.xml:36:25-66
217
218                <category android:name="android.intent.category.DEFAULT" />
218-->[:awesome_notifications] AndroidManifest.xml:27:17-76
218-->[:awesome_notifications] AndroidManifest.xml:27:27-73
219                <category android:name="android.intent.category.BROWSABLE" />
219-->[com.google.firebase:firebase-auth:21.2.0] AndroidManifest.xml:39:17-78
219-->[com.google.firebase:firebase-auth:21.2.0] AndroidManifest.xml:39:27-75
220
221                <data
221-->[com.google.firebase:firebase-auth:21.2.0] AndroidManifest.xml:41:17-44:51
222                    android:host="firebase.auth"
222-->[com.google.firebase:firebase-auth:21.2.0] AndroidManifest.xml:42:21-49
223                    android:path="/"
223-->[com.google.firebase:firebase-auth:21.2.0] AndroidManifest.xml:43:21-37
224                    android:scheme="genericidp" />
224-->[com.google.firebase:firebase-auth:21.2.0] AndroidManifest.xml:44:21-48
225            </intent-filter>
226        </activity>
227        <activity
227-->[com.google.firebase:firebase-auth:21.2.0] AndroidManifest.xml:47:9-64:20
228            android:name="com.google.firebase.auth.internal.RecaptchaActivity"
228-->[com.google.firebase:firebase-auth:21.2.0] AndroidManifest.xml:48:13-79
229            android:excludeFromRecents="true"
229-->[com.google.firebase:firebase-auth:21.2.0] AndroidManifest.xml:49:13-46
230            android:exported="true"
230-->[com.google.firebase:firebase-auth:21.2.0] AndroidManifest.xml:50:13-36
231            android:launchMode="singleTask"
231-->[com.google.firebase:firebase-auth:21.2.0] AndroidManifest.xml:51:13-44
232            android:theme="@android:style/Theme.Translucent.NoTitleBar" >
232-->[com.google.firebase:firebase-auth:21.2.0] AndroidManifest.xml:52:13-72
233            <intent-filter>
233-->[com.google.firebase:firebase-auth:21.2.0] AndroidManifest.xml:53:13-63:29
234                <action android:name="android.intent.action.VIEW" />
234-->[com.google.firebase:firebase-auth:21.2.0] AndroidManifest.xml:36:17-69
234-->[com.google.firebase:firebase-auth:21.2.0] AndroidManifest.xml:36:25-66
235
236                <category android:name="android.intent.category.DEFAULT" />
236-->[:awesome_notifications] AndroidManifest.xml:27:17-76
236-->[:awesome_notifications] AndroidManifest.xml:27:27-73
237                <category android:name="android.intent.category.BROWSABLE" />
237-->[com.google.firebase:firebase-auth:21.2.0] AndroidManifest.xml:39:17-78
237-->[com.google.firebase:firebase-auth:21.2.0] AndroidManifest.xml:39:27-75
238
239                <data
239-->[com.google.firebase:firebase-auth:21.2.0] AndroidManifest.xml:41:17-44:51
240                    android:host="firebase.auth"
240-->[com.google.firebase:firebase-auth:21.2.0] AndroidManifest.xml:42:21-49
241                    android:path="/"
241-->[com.google.firebase:firebase-auth:21.2.0] AndroidManifest.xml:43:21-37
242                    android:scheme="recaptcha" />
242-->[com.google.firebase:firebase-auth:21.2.0] AndroidManifest.xml:44:21-48
243            </intent-filter>
244        </activity>
245        <activity
245-->[com.google.android.gms:play-services-base:18.0.1] AndroidManifest.xml:20:9-22:45
246            android:name="com.google.android.gms.common.api.GoogleApiActivity"
246-->[com.google.android.gms:play-services-base:18.0.1] AndroidManifest.xml:20:19-85
247            android:exported="false"
247-->[com.google.android.gms:play-services-base:18.0.1] AndroidManifest.xml:22:19-43
248            android:theme="@android:style/Theme.Translucent.NoTitleBar" />
248-->[com.google.android.gms:play-services-base:18.0.1] AndroidManifest.xml:21:19-78
249
250        <provider
250-->[com.google.firebase:firebase-common:20.3.2] AndroidManifest.xml:25:9-30:39
251            android:name="com.google.firebase.provider.FirebaseInitProvider"
251-->[com.google.firebase:firebase-common:20.3.2] AndroidManifest.xml:26:13-77
252            android:authorities="com.example.social_instagram.firebaseinitprovider"
252-->[com.google.firebase:firebase-common:20.3.2] AndroidManifest.xml:27:13-72
253            android:directBootAware="true"
253-->[com.google.firebase:firebase-common:20.3.2] AndroidManifest.xml:28:13-43
254            android:exported="false"
254-->[com.google.firebase:firebase-common:20.3.2] AndroidManifest.xml:29:13-37
255            android:initOrder="100" />
255-->[com.google.firebase:firebase-common:20.3.2] AndroidManifest.xml:30:13-36
256
257        <meta-data
257-->[com.google.android.gms:play-services-basement:18.2.0] AndroidManifest.xml:21:9-23:69
258            android:name="com.google.android.gms.version"
258-->[com.google.android.gms:play-services-basement:18.2.0] AndroidManifest.xml:22:13-58
259            android:value="@integer/google_play_services_version" />
259-->[com.google.android.gms:play-services-basement:18.2.0] AndroidManifest.xml:23:13-66
260        <!--
261         The initialization ContentProvider will call FacebookSdk.sdkInitialize automatically
262         with the application context. This config is merged in with the host app's manifest,
263         but there can only be one provider with the same authority activated at any given
264         point; so if the end user has two or more different apps that use Facebook SDK, only the
265         first one will be able to use the provider. To work around this problem, we use the
266         following placeholder in the authority to identify each host application as if it was
267         a completely different provider.
268        -->
269        <provider
269-->[com.facebook.android:facebook-core:4.42.0] AndroidManifest.xml:39:9-42:40
270            android:name="com.facebook.internal.FacebookInitProvider"